[0m20:25:12.094062 [debug] [MainThread]: Sending event: {'category': 'dbt', 'action': 'invocation', 'label': 'start', 'context': [<snowplow_tracker.self_describing_json.SelfDescribingJson object at 0x000001FD26F740B0>, <snowplow_tracker.self_describing_json.SelfDescribingJson object at 0x000001FD295F0680>, <snowplow_tracker.self_describing_json.SelfDescribingJson object at 0x000001FD29AB1460>]}


============================== 20:25:12.098789 | f1a6c308-2783-4fc3-a562-0b51521634d8 ==============================
[0m20:25:12.098789 [info ] [MainThread]: Running with dbt=1.11.7
[0m20:25:12.099797 [debug] [MainThread]: running dbt with arguments {'version_check': 'True', 'no_print': 'None', 'static_parser': 'True', 'target_path': 'None', 'warn_error_options': 'WarnErrorOptionsV2(error=[], warn=[], silence=[])', 'printer_width': '80', 'write_json': 'True', 'introspect': 'True', 'log_cache_events': 'False', 'empty': 'None', 'cache_selected_only': 'False', 'fail_fast': 'False', 'debug': 'False', 'log_format': 'default', 'profiles_dir': 'C:\\Users\\Rithesh\\.dbt', 'send_anonymous_usage_stats': 'True', 'quiet': 'False', 'warn_error': 'None', 'partial_parse': 'True', 'invocation_command': 'dbt init streaming_dw', 'indirect_selection': 'eager', 'use_colors': 'True', 'use_experimental_parser': 'False', 'log_path': 'logs'}
[0m20:25:12.124599 [debug] [MainThread]: Starter project path: C:\Users\Rithesh\AppData\Local\Programs\Python\Python312\Lib\site-packages\dbt\include\starter_project
[0m20:25:12.147143 [info ] [MainThread]: 
Your new dbt project "streaming_dw" was created!

For more information on how to configure the profiles.yml file,
please consult the dbt documentation here:

  https://docs.getdbt.com/docs/configure-your-profile

One more thing:

Need help? Don't hesitate to reach out to us via GitHub issues or on Slack:

  https://community.getdbt.com/

Happy modeling!

[0m20:25:12.147143 [info ] [MainThread]: Setting up your profile.
[0m20:25:23.923326 [debug] [MainThread]: Snowflake adapter: Setting snowflake.connector to ERROR (file logging only)
[0m20:25:23.923326 [debug] [MainThread]: Snowflake adapter: Setting botocore to ERROR (file logging only)
[0m20:25:23.923326 [debug] [MainThread]: Snowflake adapter: Setting boto3 to ERROR (file logging only)
[0m20:27:13.976724 [info ] [MainThread]: Profile streaming_dw written to C:\Users\Rithesh\.dbt\profiles.yml using target's profile_template.yml and your supplied values. Run 'dbt debug' to validate the connection.
[0m20:27:13.976724 [debug] [MainThread]: Command `dbt init` succeeded at 20:27:13.976724 after 122.15 seconds
[0m20:27:13.976724 [debug] [MainThread]: Sending event: {'category': 'dbt', 'action': 'invocation', 'label': 'end', 'context': [<snowplow_tracker.self_describing_json.SelfDescribingJson object at 0x000001FD29E886E0>, <snowplow_tracker.self_describing_json.SelfDescribingJson object at 0x000001FD3EA29640>, <snowplow_tracker.self_describing_json.SelfDescribingJson object at 0x000001FD3CC30BC0>]}
[0m20:27:13.976724 [debug] [MainThread]: Flushing usage events
[0m20:27:15.979051 [debug] [MainThread]: An error was encountered while trying to flush usage events
